{"/home/waleed/data-structures-and-algorithms/challenges/linkedList/linked-list.js": {"path":"/home/waleed/data-structures-and-algorithms/challenges/linkedList/linked-list.js","statementMap":{"0":{"start":{"line":9,"column":4},"end":{"line":9,"column":20}},"1":{"start":{"line":10,"column":4},"end":{"line":10,"column":21}},"2":{"start":{"line":15,"column":4},"end":{"line":15,"column":21}},"3":{"start":{"line":22,"column":15},"end":{"line":22,"column":28}},"4":{"start":{"line":24,"column":4},"end":{"line":28,"column":5}},"5":{"start":{"line":25,"column":6},"end":{"line":25,"column":23}},"6":{"start":{"line":27,"column":6},"end":{"line":27,"column":49}},"7":{"start":{"line":35,"column":18},"end":{"line":35,"column":27}},"8":{"start":{"line":36,"column":4},"end":{"line":41,"column":5}},"9":{"start":{"line":38,"column":6},"end":{"line":39,"column":20}},"10":{"start":{"line":39,"column":8},"end":{"line":39,"column":20}},"11":{"start":{"line":40,"column":6},"end":{"line":40,"column":29}},"12":{"start":{"line":42,"column":4},"end":{"line":42,"column":17}},"13":{"start":{"line":48,"column":18},"end":{"line":48,"column":27}},"14":{"start":{"line":49,"column":18},"end":{"line":49,"column":20}},"15":{"start":{"line":50,"column":4},"end":{"line":54,"column":5}},"16":{"start":{"line":52,"column":6},"end":{"line":52,"column":52}},"17":{"start":{"line":53,"column":6},"end":{"line":53,"column":29}},"18":{"start":{"line":55,"column":4},"end":{"line":55,"column":28}},"19":{"start":{"line":62,"column":18},"end":{"line":62,"column":27}},"20":{"start":{"line":63,"column":15},"end":{"line":63,"column":28}},"21":{"start":{"line":64,"column":4},"end":{"line":67,"column":5}},"22":{"start":{"line":65,"column":6},"end":{"line":65,"column":29}},"23":{"start":{"line":68,"column":4},"end":{"line":68,"column":24}},"24":{"start":{"line":69,"column":4},"end":{"line":69,"column":16}},"25":{"start":{"line":79,"column":4},"end":{"line":81,"column":5}},"26":{"start":{"line":80,"column":6},"end":{"line":80,"column":43}},"27":{"start":{"line":82,"column":18},"end":{"line":82,"column":27}},"28":{"start":{"line":83,"column":15},"end":{"line":83,"column":31}},"29":{"start":{"line":85,"column":4},"end":{"line":94,"column":5}},"30":{"start":{"line":86,"column":6},"end":{"line":91,"column":7}},"31":{"start":{"line":87,"column":26},"end":{"line":87,"column":38}},"32":{"start":{"line":88,"column":8},"end":{"line":88,"column":28}},"33":{"start":{"line":89,"column":8},"end":{"line":89,"column":32}},"34":{"start":{"line":90,"column":8},"end":{"line":90,"column":20}},"35":{"start":{"line":93,"column":6},"end":{"line":93,"column":29}},"36":{"start":{"line":105,"column":4},"end":{"line":107,"column":5}},"37":{"start":{"line":106,"column":6},"end":{"line":106,"column":43}},"38":{"start":{"line":109,"column":18},"end":{"line":109,"column":27}},"39":{"start":{"line":110,"column":15},"end":{"line":110,"column":31}},"40":{"start":{"line":112,"column":4},"end":{"line":124,"column":5}},"41":{"start":{"line":113,"column":6},"end":{"line":121,"column":7}},"42":{"start":{"line":116,"column":8},"end":{"line":116,"column":31}},"43":{"start":{"line":117,"column":26},"end":{"line":117,"column":38}},"44":{"start":{"line":118,"column":8},"end":{"line":118,"column":28}},"45":{"start":{"line":119,"column":8},"end":{"line":119,"column":32}},"46":{"start":{"line":120,"column":8},"end":{"line":120,"column":20}},"47":{"start":{"line":123,"column":6},"end":{"line":123,"column":29}},"48":{"start":{"line":134,"column":4},"end":{"line":159,"column":5}},"49":{"start":{"line":135,"column":6},"end":{"line":135,"column":43}},"50":{"start":{"line":136,"column":11},"end":{"line":159,"column":5}},"51":{"start":{"line":137,"column":6},"end":{"line":137,"column":43}},"52":{"start":{"line":139,"column":19},"end":{"line":139,"column":20}},"53":{"start":{"line":140,"column":20},"end":{"line":140,"column":21}},"54":{"start":{"line":141,"column":20},"end":{"line":141,"column":29}},"55":{"start":{"line":142,"column":31},"end":{"line":142,"column":40}},"56":{"start":{"line":143,"column":6},"end":{"line":148,"column":7}},"57":{"start":{"line":144,"column":8},"end":{"line":144,"column":17}},"58":{"start":{"line":145,"column":8},"end":{"line":145,"column":31}},"59":{"start":{"line":149,"column":6},"end":{"line":149,"column":33}},"60":{"start":{"line":150,"column":6},"end":{"line":154,"column":7}},"61":{"start":{"line":151,"column":8},"end":{"line":151,"column":18}},"62":{"start":{"line":152,"column":8},"end":{"line":152,"column":53}},"63":{"start":{"line":155,"column":6},"end":{"line":155,"column":38}},"64":{"start":{"line":156,"column":6},"end":{"line":156,"column":30}},"65":{"start":{"line":173,"column":0},"end":{"line":173,"column":28}}},"fnMap":{"0":{"name":"(anonymous_0)","decl":{"start":{"line":8,"column":2},"end":{"line":8,"column":3}},"loc":{"start":{"line":8,"column":19},"end":{"line":11,"column":3}},"line":8},"1":{"name":"(anonymous_1)","decl":{"start":{"line":14,"column":2},"end":{"line":14,"column":3}},"loc":{"start":{"line":14,"column":16},"end":{"line":16,"column":3}},"line":14},"2":{"name":"(anonymous_2)","decl":{"start":{"line":21,"column":2},"end":{"line":21,"column":3}},"loc":{"start":{"line":21,"column":14},"end":{"line":29,"column":3}},"line":21},"3":{"name":"(anonymous_3)","decl":{"start":{"line":34,"column":2},"end":{"line":34,"column":3}},"loc":{"start":{"line":34,"column":16},"end":{"line":43,"column":3}},"line":34},"4":{"name":"(anonymous_4)","decl":{"start":{"line":47,"column":2},"end":{"line":47,"column":3}},"loc":{"start":{"line":47,"column":13},"end":{"line":56,"column":3}},"line":47},"5":{"name":"(anonymous_5)","decl":{"start":{"line":61,"column":2},"end":{"line":61,"column":3}},"loc":{"start":{"line":61,"column":14},"end":{"line":70,"column":3}},"line":61},"6":{"name":"(anonymous_6)","decl":{"start":{"line":77,"column":2},"end":{"line":77,"column":3}},"loc":{"start":{"line":77,"column":28},"end":{"line":97,"column":3}},"line":77},"7":{"name":"(anonymous_7)","decl":{"start":{"line":104,"column":2},"end":{"line":104,"column":3}},"loc":{"start":{"line":104,"column":27},"end":{"line":127,"column":3}},"line":104},"8":{"name":"(anonymous_8)","decl":{"start":{"line":133,"column":2},"end":{"line":133,"column":3}},"loc":{"start":{"line":133,"column":16},"end":{"line":163,"column":3}},"line":133}},"branchMap":{"0":{"loc":{"start":{"line":24,"column":4},"end":{"line":28,"column":5}},"type":"if","locations":[{"start":{"line":24,"column":4},"end":{"line":28,"column":5}},{"start":{"line":24,"column":4},"end":{"line":28,"column":5}}],"line":24},"1":{"loc":{"start":{"line":38,"column":6},"end":{"line":39,"column":20}},"type":"if","locations":[{"start":{"line":38,"column":6},"end":{"line":39,"column":20}},{"start":{"line":38,"column":6},"end":{"line":39,"column":20}}],"line":38},"2":{"loc":{"start":{"line":79,"column":4},"end":{"line":81,"column":5}},"type":"if","locations":[{"start":{"line":79,"column":4},"end":{"line":81,"column":5}},{"start":{"line":79,"column":4},"end":{"line":81,"column":5}}],"line":79},"3":{"loc":{"start":{"line":86,"column":6},"end":{"line":91,"column":7}},"type":"if","locations":[{"start":{"line":86,"column":6},"end":{"line":91,"column":7}},{"start":{"line":86,"column":6},"end":{"line":91,"column":7}}],"line":86},"4":{"loc":{"start":{"line":105,"column":4},"end":{"line":107,"column":5}},"type":"if","locations":[{"start":{"line":105,"column":4},"end":{"line":107,"column":5}},{"start":{"line":105,"column":4},"end":{"line":107,"column":5}}],"line":105},"5":{"loc":{"start":{"line":113,"column":6},"end":{"line":121,"column":7}},"type":"if","locations":[{"start":{"line":113,"column":6},"end":{"line":121,"column":7}},{"start":{"line":113,"column":6},"end":{"line":121,"column":7}}],"line":113},"6":{"loc":{"start":{"line":134,"column":4},"end":{"line":159,"column":5}},"type":"if","locations":[{"start":{"line":134,"column":4},"end":{"line":159,"column":5}},{"start":{"line":134,"column":4},"end":{"line":159,"column":5}}],"line":134},"7":{"loc":{"start":{"line":136,"column":11},"end":{"line":159,"column":5}},"type":"if","locations":[{"start":{"line":136,"column":11},"end":{"line":159,"column":5}},{"start":{"line":136,"column":11},"end":{"line":159,"column":5}}],"line":136},"8":{"loc":{"start":{"line":150,"column":13},"end":{"line":150,"column":73}},"type":"binary-expr","locations":[{"start":{"line":150,"column":13},"end":{"line":150,"column":42}},{"start":{"line":150,"column":46},"end":{"line":150,"column":73}}],"line":150}},"s":{"0":12,"1":12,"2":5,"3":3,"4":3,"5":3,"6":0,"7":0,"8":0,"9":0,"10":0,"11":0,"12":0,"13":1,"14":1,"15":1,"16":6,"17":6,"18":1,"19":9,"20":9,"21":9,"22":12,"23":9,"24":9,"25":0,"26":0,"27":0,"28":0,"29":0,"30":0,"31":0,"32":0,"33":0,"34":0,"35":0,"36":0,"37":0,"38":0,"39":0,"40":0,"41":0,"42":0,"43":0,"44":0,"45":0,"46":0,"47":0,"48":0,"49":0,"50":0,"51":0,"52":0,"53":0,"54":0,"55":0,"56":0,"57":0,"58":0,"59":0,"60":0,"61":0,"62":0,"63":0,"64":0,"65":1},"f":{"0":12,"1":5,"2":3,"3":0,"4":1,"5":9,"6":0,"7":0,"8":0},"b":{"0":[3,0],"1":[0,0],"2":[0,0],"3":[0,0],"4":[0,0],"5":[0,0],"6":[0,0],"7":[0,0],"8":[0,0]},"_coverageSchema":"1a1c01bbd47fc00a2c39e90264f33305004495a9","hash":"66dfc59d23548c8af280392afc7f7597db2e9599"}
,"/home/waleed/data-structures-and-algorithms/challenges/llZip/ll-zip.js": {"path":"/home/waleed/data-structures-and-algorithms/challenges/llZip/ll-zip.js","statementMap":{"0":{"start":{"line":2,"column":19},"end":{"line":2,"column":58}},"1":{"start":{"line":6,"column":4},"end":{"line":8,"column":5}},"2":{"start":{"line":7,"column":8},"end":{"line":7,"column":58}},"3":{"start":{"line":9,"column":19},"end":{"line":9,"column":29}},"4":{"start":{"line":10,"column":19},"end":{"line":10,"column":29}},"5":{"start":{"line":11,"column":21},"end":{"line":11,"column":35}},"6":{"start":{"line":13,"column":4},"end":{"line":40,"column":5}},"7":{"start":{"line":14,"column":8},"end":{"line":14,"column":40}},"8":{"start":{"line":15,"column":8},"end":{"line":15,"column":40}},"9":{"start":{"line":16,"column":8},"end":{"line":16,"column":26}},"10":{"start":{"line":19,"column":8},"end":{"line":19,"column":40}},"11":{"start":{"line":20,"column":8},"end":{"line":38,"column":9}},"12":{"start":{"line":22,"column":12},"end":{"line":26,"column":13}},"13":{"start":{"line":23,"column":16},"end":{"line":23,"column":54}},"14":{"start":{"line":25,"column":16},"end":{"line":25,"column":48}},"15":{"start":{"line":27,"column":12},"end":{"line":27,"column":36}},"16":{"start":{"line":29,"column":12},"end":{"line":29,"column":36}},"17":{"start":{"line":31,"column":12},"end":{"line":35,"column":13}},"18":{"start":{"line":32,"column":16},"end":{"line":32,"column":44}},"19":{"start":{"line":34,"column":16},"end":{"line":34,"column":48}},"20":{"start":{"line":39,"column":8},"end":{"line":39,"column":25}},"21":{"start":{"line":43,"column":0},"end":{"line":43,"column":25}}},"fnMap":{"0":{"name":"zipLists","decl":{"start":{"line":4,"column":9},"end":{"line":4,"column":17}},"loc":{"start":{"line":4,"column":32},"end":{"line":42,"column":1}},"line":4}},"branchMap":{"0":{"loc":{"start":{"line":6,"column":4},"end":{"line":8,"column":5}},"type":"if","locations":[{"start":{"line":6,"column":4},"end":{"line":8,"column":5}},{"start":{"line":6,"column":4},"end":{"line":8,"column":5}}],"line":6},"1":{"loc":{"start":{"line":6,"column":8},"end":{"line":6,"column":34}},"type":"binary-expr","locations":[{"start":{"line":6,"column":8},"end":{"line":6,"column":19}},{"start":{"line":6,"column":23},"end":{"line":6,"column":34}}],"line":6},"2":{"loc":{"start":{"line":13,"column":4},"end":{"line":40,"column":5}},"type":"if","locations":[{"start":{"line":13,"column":4},"end":{"line":40,"column":5}},{"start":{"line":13,"column":4},"end":{"line":40,"column":5}}],"line":13},"3":{"loc":{"start":{"line":13,"column":8},"end":{"line":13,"column":40}},"type":"binary-expr","locations":[{"start":{"line":13,"column":8},"end":{"line":13,"column":22}},{"start":{"line":13,"column":26},"end":{"line":13,"column":40}}],"line":13},"4":{"loc":{"start":{"line":20,"column":15},"end":{"line":20,"column":51}},"type":"binary-expr","locations":[{"start":{"line":20,"column":15},"end":{"line":20,"column":31}},{"start":{"line":20,"column":35},"end":{"line":20,"column":51}}],"line":20},"5":{"loc":{"start":{"line":22,"column":12},"end":{"line":26,"column":13}},"type":"if","locations":[{"start":{"line":22,"column":12},"end":{"line":26,"column":13}},{"start":{"line":22,"column":12},"end":{"line":26,"column":13}}],"line":22},"6":{"loc":{"start":{"line":31,"column":12},"end":{"line":35,"column":13}},"type":"if","locations":[{"start":{"line":31,"column":12},"end":{"line":35,"column":13}},{"start":{"line":31,"column":12},"end":{"line":35,"column":13}}],"line":31}},"s":{"0":1,"1":2,"2":1,"3":1,"4":1,"5":1,"6":1,"7":0,"8":0,"9":0,"10":1,"11":1,"12":3,"13":0,"14":3,"15":3,"16":3,"17":3,"18":1,"19":2,"20":1,"21":1},"f":{"0":2},"b":{"0":[1,1],"1":[2,1],"2":[0,1],"3":[1,0],"4":[4,1],"5":[0,3],"6":[1,2]},"_coverageSchema":"1a1c01bbd47fc00a2c39e90264f33305004495a9","hash":"11a566a5d10c73fdeb6ab682a56360e784ba2ccd"}
}
