TN:
SF:challenges/linkedList/linked-list.js
FN:8,(anonymous_0)
FN:14,(anonymous_1)
FN:21,(anonymous_2)
FN:34,(anonymous_3)
FN:47,(anonymous_4)
FN:61,(anonymous_5)
FN:77,(anonymous_6)
FN:104,(anonymous_7)
FN:133,(anonymous_8)
FNF:9
FNH:9
FNDA:18,(anonymous_0)
FNDA:7,(anonymous_1)
FNDA:4,(anonymous_2)
FNDA:4,(anonymous_3)
FNDA:5,(anonymous_4)
FNDA:12,(anonymous_5)
FNDA:2,(anonymous_6)
FNDA:2,(anonymous_7)
FNDA:3,(anonymous_8)
DA:9,18
DA:10,18
DA:15,7
DA:22,4
DA:24,4
DA:25,4
DA:27,0
DA:35,4
DA:36,4
DA:38,16
DA:39,2
DA:40,14
DA:42,2
DA:48,5
DA:49,5
DA:50,5
DA:52,24
DA:53,24
DA:55,5
DA:62,12
DA:63,12
DA:64,12
DA:65,15
DA:68,12
DA:69,12
DA:79,2
DA:80,1
DA:82,1
DA:83,1
DA:85,1
DA:86,1
DA:87,1
DA:88,1
DA:89,1
DA:90,1
DA:93,0
DA:105,2
DA:106,1
DA:109,1
DA:110,1
DA:112,1
DA:113,2
DA:116,1
DA:117,1
DA:118,1
DA:119,1
DA:120,1
DA:123,1
DA:134,3
DA:135,1
DA:136,2
DA:137,1
DA:139,1
DA:140,1
DA:141,1
DA:142,1
DA:143,1
DA:144,5
DA:145,5
DA:149,1
DA:150,1
DA:151,5
DA:152,5
DA:155,1
DA:156,1
DA:173,2
LF:66
LH:64
BRDA:24,0,0,4
BRDA:24,0,1,0
BRDA:38,1,0,2
BRDA:38,1,1,14
BRDA:79,2,0,1
BRDA:79,2,1,1
BRDA:86,3,0,1
BRDA:86,3,1,0
BRDA:105,4,0,1
BRDA:105,4,1,1
BRDA:113,5,0,1
BRDA:113,5,1,1
BRDA:134,6,0,1
BRDA:134,6,1,2
BRDA:136,7,0,1
BRDA:136,7,1,1
BRDA:150,8,0,6
BRDA:150,8,1,5
BRF:18
BRH:16
end_of_record
TN:
SF:challenges/llZip/ll-zip.js
FN:4,zipLists
FNF:1
FNH:1
FNDA:2,zipLists
DA:2,1
DA:6,2
DA:7,1
DA:9,1
DA:10,1
DA:11,1
DA:13,1
DA:14,0
DA:15,0
DA:16,0
DA:19,1
DA:20,1
DA:22,3
DA:23,0
DA:25,3
DA:27,3
DA:29,3
DA:31,3
DA:32,1
DA:34,2
DA:39,1
DA:43,1
LF:22
LH:18
BRDA:6,0,0,1
BRDA:6,0,1,1
BRDA:6,1,0,2
BRDA:6,1,1,1
BRDA:13,2,0,0
BRDA:13,2,1,1
BRDA:13,3,0,1
BRDA:13,3,1,0
BRDA:20,4,0,4
BRDA:20,4,1,1
BRDA:22,5,0,0
BRDA:22,5,1,3
BRDA:31,6,0,1
BRDA:31,6,1,2
BRF:14
BRH:11
end_of_record
TN:
SF:challenges/stacksAndQueues/queues.js
FN:4,(anonymous_0)
FN:11,(anonymous_1)
FN:17,(anonymous_2)
FN:26,(anonymous_3)
FN:35,(anonymous_4)
FNF:5
FNH:5
FNDA:7,(anonymous_0)
FNDA:6,(anonymous_1)
FNDA:4,(anonymous_2)
FNDA:4,(anonymous_3)
FNDA:10,(anonymous_4)
DA:5,7
DA:12,6
DA:18,4
DA:19,2
DA:21,2
DA:27,4
DA:28,2
DA:30,2
DA:36,10
DA:40,1
LF:10
LH:10
BRDA:18,0,0,2
BRDA:18,0,1,2
BRDA:27,1,0,2
BRDA:27,1,1,2
BRF:4
BRH:4
end_of_record
TN:
SF:challenges/stacksAndQueues/stacks-and-queues.js
FN:4,(anonymous_0)
FN:13,(anonymous_1)
FN:24,(anonymous_2)
FN:32,(anonymous_3)
FN:43,(anonymous_4)
FNF:5
FNH:5
FNDA:8,(anonymous_0)
FNDA:5,(anonymous_1)
FNDA:7,(anonymous_2)
FNDA:4,(anonymous_3)
FNDA:11,(anonymous_4)
DA:6,8
DA:7,8
DA:14,5
DA:15,2
DA:17,3
DA:26,7
DA:27,7
DA:33,4
DA:34,2
DA:36,2
DA:37,2
DA:38,2
DA:44,11
DA:48,1
LF:14
LH:14
BRDA:14,0,0,2
BRDA:14,0,1,3
BRDA:33,1,0,2
BRDA:33,1,1,2
BRF:4
BRH:4
end_of_record
