TN:
SF:challenges/fifoAnimalShelter/fifo-animal-shelter.js
FN:6,(anonymous_0)
FN:16,(anonymous_1)
FN:35,(anonymous_2)
FNF:3
FNH:3
FNDA:11,(anonymous_0)
FNDA:30,(anonymous_1)
FNDA:9,(anonymous_2)
DA:3,1
DA:7,11
DA:8,11
DA:17,30
DA:18,1
DA:20,29
DA:21,29
DA:22,22
DA:24,29
DA:25,29
DA:26,7
DA:36,9
DA:37,1
DA:39,8
DA:42,8
DA:43,1
DA:46,7
DA:47,3
DA:48,2
DA:49,2
DA:50,2
DA:52,1
DA:57,4
DA:58,2
DA:59,2
DA:65,2
DA:66,2
DA:67,2
DA:68,2
DA:70,2
DA:71,5
DA:72,5
DA:73,5
DA:74,5
DA:75,2
DA:76,2
DA:77,2
DA:78,2
DA:82,2
DA:83,2
DA:84,2
DA:85,2
DA:87,2
DA:88,2
DA:92,1
LF:45
LH:45
BRDA:17,0,0,1
BRDA:17,0,1,29
BRDA:17,1,0,30
BRDA:17,1,1,21
BRDA:21,2,0,22
BRDA:21,2,1,7
BRDA:25,3,0,7
BRDA:25,3,1,22
BRDA:36,4,0,1
BRDA:36,4,1,8
BRDA:36,5,0,9
BRDA:36,5,1,4
BRDA:42,6,0,1
BRDA:42,6,1,7
BRDA:46,7,0,3
BRDA:46,7,1,4
BRDA:47,8,0,2
BRDA:47,8,1,1
BRDA:57,9,0,2
BRDA:57,9,1,2
BRDA:74,10,0,2
BRDA:74,10,1,3
BRF:22
BRH:22
end_of_record
TN:
SF:challenges/linkedList/linked-list.js
FN:8,(anonymous_0)
FN:14,(anonymous_1)
FN:21,(anonymous_2)
FN:34,(anonymous_3)
FN:47,(anonymous_4)
FN:61,(anonymous_5)
FN:77,(anonymous_6)
FN:104,(anonymous_7)
FN:133,(anonymous_8)
FNF:9
FNH:9
FNDA:18,(anonymous_0)
FNDA:7,(anonymous_1)
FNDA:4,(anonymous_2)
FNDA:4,(anonymous_3)
FNDA:5,(anonymous_4)
FNDA:12,(anonymous_5)
FNDA:2,(anonymous_6)
FNDA:2,(anonymous_7)
FNDA:3,(anonymous_8)
DA:9,18
DA:10,18
DA:15,7
DA:22,4
DA:24,4
DA:25,4
DA:27,0
DA:35,4
DA:36,4
DA:38,16
DA:39,2
DA:40,14
DA:42,2
DA:48,5
DA:49,5
DA:50,5
DA:52,24
DA:53,24
DA:55,5
DA:62,12
DA:63,12
DA:64,12
DA:65,15
DA:68,12
DA:69,12
DA:79,2
DA:80,1
DA:82,1
DA:83,1
DA:85,1
DA:86,1
DA:87,1
DA:88,1
DA:89,1
DA:90,1
DA:93,0
DA:105,2
DA:106,1
DA:109,1
DA:110,1
DA:112,1
DA:113,2
DA:116,1
DA:117,1
DA:118,1
DA:119,1
DA:120,1
DA:123,1
DA:134,3
DA:135,1
DA:136,2
DA:137,1
DA:139,1
DA:140,1
DA:141,1
DA:142,1
DA:143,1
DA:144,5
DA:145,5
DA:149,1
DA:150,1
DA:151,5
DA:152,5
DA:155,1
DA:156,1
DA:173,2
LF:66
LH:64
BRDA:24,0,0,4
BRDA:24,0,1,0
BRDA:38,1,0,2
BRDA:38,1,1,14
BRDA:79,2,0,1
BRDA:79,2,1,1
BRDA:86,3,0,1
BRDA:86,3,1,0
BRDA:105,4,0,1
BRDA:105,4,1,1
BRDA:113,5,0,1
BRDA:113,5,1,1
BRDA:134,6,0,1
BRDA:134,6,1,2
BRDA:136,7,0,1
BRDA:136,7,1,1
BRDA:150,8,0,6
BRDA:150,8,1,5
BRF:18
BRH:16
end_of_record
TN:
SF:challenges/linkedList/node.js
FN:4,(anonymous_0)
FNF:1
FNH:1
FNDA:29,(anonymous_0)
DA:5,29
DA:6,29
DA:10,1
LF:3
LH:3
BRF:0
BRH:0
end_of_record
TN:
SF:challenges/llZip/ll-zip.js
FN:4,zipLists
FNF:1
FNH:1
FNDA:2,zipLists
DA:2,1
DA:6,2
DA:7,1
DA:9,1
DA:10,1
DA:11,1
DA:13,1
DA:14,0
DA:15,0
DA:16,0
DA:19,1
DA:20,1
DA:22,3
DA:23,0
DA:25,3
DA:27,3
DA:29,3
DA:31,3
DA:32,1
DA:34,2
DA:39,1
DA:43,1
LF:22
LH:18
BRDA:6,0,0,1
BRDA:6,0,1,1
BRDA:6,1,0,2
BRDA:6,1,1,1
BRDA:13,2,0,0
BRDA:13,2,1,1
BRDA:13,3,0,1
BRDA:13,3,1,0
BRDA:20,4,0,4
BRDA:20,4,1,1
BRDA:22,5,0,0
BRDA:22,5,1,3
BRDA:31,6,0,1
BRDA:31,6,1,2
BRF:14
BRH:11
end_of_record
TN:
SF:challenges/multiBracketValidation/multi-bracket-validation.js
FN:8,multiBracketValidation
FNF:1
FNH:1
FNDA:13,multiBracketValidation
DA:9,13
DA:10,13
DA:11,13
DA:12,25
DA:14,4
DA:15,1
DA:17,3
DA:18,3
DA:19,3
DA:22,24
DA:23,2
DA:24,2
DA:25,1
DA:27,1
DA:28,1
DA:30,1
DA:31,1
DA:35,23
DA:37,9
DA:38,1
DA:40,8
DA:41,8
DA:42,8
DA:46,22
DA:47,4
DA:48,4
DA:49,1
DA:51,3
DA:52,3
DA:53,2
DA:55,3
DA:58,21
DA:60,4
DA:61,1
DA:63,3
DA:64,3
DA:65,3
DA:68,20
DA:69,2
DA:70,1
DA:72,1
DA:73,1
DA:75,1
DA:76,1
DA:82,7
DA:83,7
DA:84,3
DA:86,1
LF:48
LH:48
BRDA:12,0,0,4
BRDA:12,0,1,21
BRDA:14,1,0,1
BRDA:14,1,1,3
BRDA:14,2,0,4
BRDA:14,2,1,4
BRDA:22,3,0,2
BRDA:22,3,1,22
BRDA:24,4,0,1
BRDA:24,4,1,1
BRDA:24,5,0,2
BRDA:24,5,1,2
BRDA:27,6,0,1
BRDA:27,6,1,0
BRDA:35,7,0,9
BRDA:35,7,1,14
BRDA:37,8,0,1
BRDA:37,8,1,8
BRDA:37,9,0,9
BRDA:37,9,1,8
BRDA:46,10,0,4
BRDA:46,10,1,18
BRDA:48,11,0,1
BRDA:48,11,1,3
BRDA:48,12,0,4
BRDA:48,12,1,4
BRDA:52,13,0,2
BRDA:52,13,1,1
BRDA:58,14,0,4
BRDA:58,14,1,17
BRDA:60,15,0,1
BRDA:60,15,1,3
BRDA:60,16,0,4
BRDA:60,16,1,3
BRDA:68,17,0,2
BRDA:68,17,1,18
BRDA:69,18,0,1
BRDA:69,18,1,1
BRDA:69,19,0,2
BRDA:69,19,1,2
BRDA:72,20,0,1
BRDA:72,20,1,0
BRDA:83,21,0,4
BRDA:83,21,1,3
BRF:44
BRH:42
end_of_record
TN:
SF:challenges/stacksAndQueues/queues.js
FN:4,(anonymous_0)
FN:11,(anonymous_1)
FN:17,(anonymous_2)
FN:26,(anonymous_3)
FN:35,(anonymous_4)
FNF:5
FNH:5
FNDA:7,(anonymous_0)
FNDA:6,(anonymous_1)
FNDA:4,(anonymous_2)
FNDA:4,(anonymous_3)
FNDA:10,(anonymous_4)
DA:5,7
DA:12,6
DA:18,4
DA:19,2
DA:21,2
DA:27,4
DA:28,2
DA:30,2
DA:36,10
DA:40,1
LF:10
LH:10
BRDA:18,0,0,2
BRDA:18,0,1,2
BRDA:27,1,0,2
BRDA:27,1,1,2
BRF:4
BRH:4
end_of_record
TN:
SF:challenges/stacksAndQueues/stacks-and-queues.js
FN:4,(anonymous_0)
FN:13,(anonymous_1)
FN:24,(anonymous_2)
FN:32,(anonymous_3)
FN:43,(anonymous_4)
FNF:5
FNH:5
FNDA:20,(anonymous_0)
FNDA:8,(anonymous_1)
FNDA:23,(anonymous_2)
FNDA:8,(anonymous_3)
FNDA:20,(anonymous_4)
DA:6,20
DA:7,20
DA:14,8
DA:15,2
DA:17,6
DA:26,23
DA:27,23
DA:33,8
DA:34,2
DA:36,6
DA:37,6
DA:38,6
DA:44,20
DA:48,2
LF:14
LH:14
BRDA:14,0,0,2
BRDA:14,0,1,6
BRDA:33,1,0,2
BRDA:33,1,1,6
BRF:4
BRH:4
end_of_record
TN:
SF:challenges/stacksAndQueues/queueWithStacks/queue-with-stacks.js
FN:8,(anonymous_0)
FN:14,(anonymous_1)
FN:22,(anonymous_2)
FNF:3
FNH:3
FNDA:6,(anonymous_0)
FNDA:14,(anonymous_1)
FNDA:4,(anonymous_2)
DA:3,1
DA:9,6
DA:10,6
DA:16,14
DA:24,4
DA:25,2
DA:28,2
DA:29,2
DA:30,2
DA:31,2
DA:34,2
DA:36,2
DA:37,2
DA:38,0
DA:39,0
DA:42,2
DA:48,1
LF:17
LH:15
BRDA:24,0,0,2
BRDA:24,0,1,2
BRF:2
BRH:2
end_of_record
TN:
SF:challenges/tree/Binary-Search-Tree.js
FN:6,(anonymous_0)
FN:9,(anonymous_1)
FN:15,(anonymous_2)
FN:36,(anonymous_3)
FNF:4
FNH:4
FNDA:9,(anonymous_0)
FNDA:17,(anonymous_1)
FNDA:13,(anonymous_2)
FNDA:7,(anonymous_3)
DA:3,1
DA:7,9
DA:10,17
DA:11,17
DA:12,8
DA:13,8
DA:15,9
DA:16,13
DA:17,5
DA:18,4
DA:19,1
DA:20,1
DA:22,8
DA:23,7
DA:24,4
DA:25,3
DA:26,3
DA:29,1
DA:32,9
DA:37,7
DA:38,7
DA:39,14
DA:40,6
DA:42,8
DA:43,3
DA:45,5
DA:49,1
DA:55,1
LF:28
LH:28
BRDA:11,0,0,8
BRDA:11,0,1,9
BRDA:16,1,0,5
BRDA:16,1,1,8
BRDA:17,2,0,4
BRDA:17,2,1,1
BRDA:19,3,0,1
BRDA:19,3,1,0
BRDA:22,4,0,7
BRDA:22,4,1,1
BRDA:23,5,0,4
BRDA:23,5,1,3
BRDA:25,6,0,3
BRDA:25,6,1,0
BRDA:39,7,0,6
BRDA:39,7,1,8
BRDA:42,8,0,3
BRDA:42,8,1,5
BRF:18
BRH:16
end_of_record
TN:
SF:challenges/tree/binary-tree.js
FN:6,(anonymous_0)
FN:10,(anonymous_1)
FN:12,(anonymous_2)
FN:20,(anonymous_3)
FN:22,(anonymous_4)
FN:30,(anonymous_5)
FN:32,(anonymous_6)
FN:41,(anonymous_7)
FN:43,(anonymous_8)
FNF:9
FNH:9
FNDA:1,(anonymous_0)
FNDA:1,(anonymous_1)
FNDA:9,(anonymous_2)
FNDA:1,(anonymous_3)
FNDA:9,(anonymous_4)
FNDA:1,(anonymous_5)
FNDA:9,(anonymous_6)
FNDA:1,(anonymous_7)
FNDA:9,(anonymous_8)
DA:7,1
DA:11,1
DA:12,1
DA:13,9
DA:14,9
DA:15,9
DA:17,1
DA:18,1
DA:21,1
DA:22,1
DA:23,9
DA:24,9
DA:25,9
DA:27,1
DA:28,1
DA:31,1
DA:32,1
DA:33,9
DA:34,9
DA:35,9
DA:37,1
DA:38,1
DA:42,1
DA:43,1
DA:45,9
DA:46,9
DA:47,9
DA:49,1
DA:50,1
DA:57,1
LF:30
LH:30
BRDA:6,0,0,0
BRDA:14,1,0,4
BRDA:14,1,1,5
BRDA:15,2,0,4
BRDA:15,2,1,5
BRDA:23,3,0,4
BRDA:23,3,1,5
BRDA:25,4,0,4
BRDA:25,4,1,5
BRDA:33,5,0,4
BRDA:33,5,1,5
BRDA:34,6,0,4
BRDA:34,6,1,5
BRDA:45,7,0,6
BRDA:45,7,1,3
BRDA:46,8,0,4
BRDA:46,8,1,5
BRDA:47,9,0,4
BRDA:47,9,1,5
BRF:19
BRH:18
end_of_record
TN:
SF:challenges/tree/tree-node.js
FN:4,(anonymous_0)
FNF:1
FNH:1
FNDA:34,(anonymous_0)
DA:5,34
DA:6,34
DA:7,34
DA:11,2
LF:4
LH:4
BRDA:4,0,0,34
BRDA:4,1,0,34
BRF:2
BRH:2
end_of_record
